<?xml version="1.0" encoding="UTF-8"?>
<!-- Generated by org.testng.reporters.JUnitXMLReporter -->
<testsuite ignored="1" hostname="DESKTOP-8IGGCSM" failures="1" tests="9" name="Test" time="1.007" errors="0" timestamp="2020-02-17T10:47:32 IST">
  <testcase classname="com.ATTADMSales.salesproject.Sales01" name="testff" time="0.073"/>
  <testcase classname="com.ATTADMSales.salesproject.Sales01" name="testff01" time="0.0"/>
  <testcase classname="com.ATTADMSales.salesproject.Sales01" name="testff02" time="0.016"/>
  <testcase classname="com.ATTADMSales.salesproject.Sales02" name="testff" time="0.0"/>
  <testcase classname="com.ATTADMSales.salesproject.Sales02" name="testff01" time="0.0"/>
  <testcase classname="com.ATTADMSales.salesproject.Sales02" name="testff02" time="0.015"/>
  <testcase classname="ExtentReport.Extent01" name="Isskip" time="0.0">
    <skipped/>
  </testcase> <!-- Isskip -->
  <testcase classname="ExtentReport.Extent01" name="Regression" time="0.0">
    <failure type="java.lang.AssertionError" message=" Regression failed">
      <![CDATA[java.lang.AssertionError:  Regression failed
at ExtentReport.Extent01.Regression(Extent01.java:59)
at java.base/java.util.ArrayList.forEach(ArrayList.java:1540)
... Removed 28 stack frames]]>
    </failure>
  </testcase> <!-- Regression -->
  <testcase classname="ExtentReport.Extent01" name="doLogin" time="0.0"/>
  <testcase classname="com.ATTADMSales.salesproject.BaseClass" name="@BeforeTest initsetup" time="0.0">
    <ignored/>
  </testcase> <!-- @BeforeTest initsetup -->
</testsuite> <!-- Test -->
